Arguments: 
  /Users/krishnasagarrayudu/.nvm/versions/node/v10.15.1/bin/node /usr/local/Cellar/yarn/1.12.3/libexec/bin/yarn.js init

PATH: 
  /Users/krishnasagarrayudu/.cargo/bin:/Users/krishnasagarrayudu/.nvm/versions/node/v10.15.1/bin:/anaconda2/bin:/usr/local/bin:/usr/bin:/bin:/usr/sbin:/sbin:/Library/Frameworks/Mono.framework/Versions/Current/Commands:/Applications/Wireshark.app/Contents/MacOS:/Users/krishnasagarrayudu/.cargo/bin:/Users/krishnasagarrayudu/.nvm/versions/node/v10.15.1/bin:/anaconda2/bin

Yarn version: 
  1.12.3

Node version: 
  10.15.1

Platform: 
  darwin x64

Trace: 
  SyntaxError: /Users/krishnasagarrayudu/projects/frontend-toolbox/packages/rx-childprocess/package.json: Unexpected end of JSON input
      at JSON.parse (<anonymous>)
      at /usr/local/Cellar/yarn/1.12.3/libexec/lib/cli.js:1631:59
      at Generator.next (<anonymous>)
      at step (/usr/local/Cellar/yarn/1.12.3/libexec/lib/cli.js:304:30)
      at /usr/local/Cellar/yarn/1.12.3/libexec/lib/cli.js:315:13

npm manifest: 
  

yarn manifest: 
  No manifest

Lockfile: 
  No lockfile
